<?xml version="1.0" encoding="UTF-8"?>
<!-- Generated by org.testng.reporters.JUnitReportReporter -->
<testsuite hostname="DESKTOP-9GT9N0E" failures="0" tests="3" name="testcases.SimplilearnLoginTest" time="48.679" errors="0" timestamp="23 Nov 2022 06:23:35 GMT" skipped="0">
  <testcase classname="testcases.SimplilearnLoginTest" name="Test2" time="15.555"/>
  <testcase classname="testcases.SimplilearnLoginTest" name="Test3" time="16.160"/>
  <testcase classname="testcases.SimplilearnLoginTest" name="Test1" time="16.964"/>
</testsuite> <!-- testcases.SimplilearnLoginTest -->
