<?xml version="1.0" encoding="UTF-8"?>
<!-- Generated by org.testng.reporters.JUnitReportReporter -->
<testsuite hostname="DESKTOP-9GT9N0E" failures="0" tests="1" name="testcases.HomeTest" time="4.583" errors="0" timestamp="17 Nov 2022 03:15:51 GMT" skipped="0">
  <testcase classname="testcases.HomeTest" name="Test1" time="4.583"/>
</testsuite> <!-- testcases.HomeTest -->
