<?xml version="1.0" encoding="UTF-8"?>
<!-- Generated by org.testng.reporters.JUnitReportReporter -->
<testsuite hostname="DESKTOP-9GT9N0E" failures="0" tests="3" name="testcases.SimplilearnLoginTest" time="40.421" errors="0" timestamp="17 Nov 2022 03:15:51 GMT" skipped="0">
  <testcase classname="testcases.SimplilearnLoginTest" name="Test1" time="12.525"/>
  <testcase classname="testcases.SimplilearnLoginTest" name="Test3" time="16.510"/>
  <testcase classname="testcases.SimplilearnLoginTest" name="Test2" time="11.386"/>
</testsuite> <!-- testcases.SimplilearnLoginTest -->
